<?xml version="1.0" encoding="UTF-8"?>
<!-- Generated by org.testng.reporters.JUnitReportReporter -->
<testsuite hostname="Randhir" failures="0" tests="1" name="postTestCases.postTc2" time="1.624" errors="0" timestamp="2022-10-10T12:36:54 IST" skipped="0">
  <testcase classname="postTestCases.postTc2" name="post_Executer_Tc2" time="1.624"/>
  <system-out/>
</testsuite> <!-- postTestCases.postTc2 -->
