<?xml version="1.0" encoding="UTF-8"?>
<!-- Generated by org.testng.reporters.JUnitReportReporter -->
<testsuite hostname="Randhir" failures="0" tests="1" name="postTestCases.postTc1" time="5.183" errors="0" timestamp="2022-10-10T12:36:54 IST" skipped="0">
  <testcase classname="postTestCases.postTc1" name="post_Executer_Tc1" time="5.183"/>
  <system-out/>
</testsuite> <!-- postTestCases.postTc1 -->
